<html>
<body>
<pre>
<h1>Vision Build Log</h1>
<h2>Project:</h2>
C:\Users\AUTO_1\Desktop\keil5_project\PWM直流电机调速\PWM Change Speed.uvproj
Project File Date:  02/07/2022

<h2>Output:</h2>
Build target 'Target 1'
compiling main.c...
compiling Timer0.c...
compiling Delay.c...
compiling key.c...
compiling Nixie.c...
linking...
*** WARNING L16: UNCALLED SEGMENT, IGNORED FOR OVERLAY PROCESS
    SEGMENT: ?PR?TIMER0_INIT?TIMER0
*** WARNING L16: UNCALLED SEGMENT, IGNORED FOR OVERLAY PROCESS
    SEGMENT: ?PR?KEY?KEY
*** WARNING L16: UNCALLED SEGMENT, IGNORED FOR OVERLAY PROCESS
    SEGMENT: ?PR?_NIXIE?NIXIE
Program Size: data=27.0 xdata=0 code=414
creating hex file from "PWM Change Speed"...
"PWM Change Speed" - 0 Error(s), 3 Warning(s).
Build target 'Target 1'
compiling main.c...
compiling Timer0.c...
compiling Delay.c...
compiling key.c...
compiling Nixie.c...
linking...
*** WARNING L16: UNCALLED SEGMENT, IGNORED FOR OVERLAY PROCESS
    SEGMENT: ?PR?TIMER0_INIT?TIMER0
*** WARNING L16: UNCALLED SEGMENT, IGNORED FOR OVERLAY PROCESS
    SEGMENT: ?PR?KEY?KEY
*** WARNING L16: UNCALLED SEGMENT, IGNORED FOR OVERLAY PROCESS
    SEGMENT: ?PR?_NIXIE?NIXIE
Program Size: data=29.0 xdata=0 code=460
creating hex file from "PWM Change Speed"...
"PWM Change Speed" - 0 Error(s), 3 Warning(s).
Build target 'Target 1'
compiling main.c...
compiling Timer0.c...
compiling Delay.c...
compiling key.c...
compiling Nixie.c...
linking...
*** WARNING L16: UNCALLED SEGMENT, IGNORED FOR OVERLAY PROCESS
    SEGMENT: ?PR?KEY?KEY
*** WARNING L16: UNCALLED SEGMENT, IGNORED FOR OVERLAY PROCESS
    SEGMENT: ?PR?_NIXIE?NIXIE
Program Size: data=29.0 xdata=0 code=463
creating hex file from "PWM Change Speed"...
"PWM Change Speed" - 0 Error(s), 2 Warning(s).
Build target 'Target 1'
compiling main.c...
compiling Timer0.c...
compiling Delay.c...
compiling key.c...
compiling Nixie.c...
linking...
*** WARNING L16: UNCALLED SEGMENT, IGNORED FOR OVERLAY PROCESS
    SEGMENT: ?PR?KEY?KEY
*** WARNING L16: UNCALLED SEGMENT, IGNORED FOR OVERLAY PROCESS
    SEGMENT: ?PR?_NIXIE?NIXIE
Program Size: data=29.0 xdata=0 code=463
creating hex file from "PWM Change Speed"...
"PWM Change Speed" - 0 Error(s), 2 Warning(s).
Build target 'Target 1'
compiling main.c...
compiling Timer0.c...
compiling Delay.c...
compiling key.c...
compiling Nixie.c...
linking...
*** WARNING L16: UNCALLED SEGMENT, IGNORED FOR OVERLAY PROCESS
    SEGMENT: ?PR?KEY?KEY
*** WARNING L16: UNCALLED SEGMENT, IGNORED FOR OVERLAY PROCESS
    SEGMENT: ?PR?_NIXIE?NIXIE
Program Size: data=29.0 xdata=0 code=463
creating hex file from "PWM Change Speed"...
"PWM Change Speed" - 0 Error(s), 2 Warning(s).
Build target 'Target 1'
compiling main.c...
compiling Timer0.c...
compiling Delay.c...
compiling key.c...
compiling Nixie.c...
linking...
Program Size: data=31.0 xdata=0 code=488
creating hex file from "PWM Change Speed"...
"PWM Change Speed" - 0 Error(s), 0 Warning(s).
Build target 'Target 1'
compiling main.c...
MAIN.C(26): error C172: 'case': missing enclosing switch
MAIN.C(28): error C172: 'case': missing enclosing switch
MAIN.C(30): error C172: 'case': missing enclosing switch
MAIN.C(32): error C172: 'default': missing enclosing switch
compiling Timer0.c...
compiling Delay.c...
compiling key.c...
compiling Nixie.c...
Target not created
Build target 'Target 1'
compiling main.c...
compiling Timer0.c...
compiling Delay.c...
compiling key.c...
compiling Nixie.c...
linking...
Program Size: data=31.0 xdata=0 code=521
creating hex file from "PWM Change Speed"...
"PWM Change Speed" - 0 Error(s), 0 Warning(s).
Build target 'Target 1'
compiling main.c...
compiling Timer0.c...
compiling Delay.c...
compiling key.c...
compiling Nixie.c...
linking...
Program Size: data=31.0 xdata=0 code=521
creating hex file from "PWM Change Speed"...
"PWM Change Speed" - 0 Error(s), 0 Warning(s).
Build target 'Target 1'
compiling main.c...
compiling Timer0.c...
compiling Delay.c...
compiling key.c...
compiling Nixie.c...
linking...
Program Size: data=31.0 xdata=0 code=521
creating hex file from "PWM Change Speed"...
"PWM Change Speed" - 0 Error(s), 0 Warning(s).
Build target 'Target 1'
compiling main.c...
MAIN.C(15): error C213: left side of asn-op not an lvalue
compiling Timer0.c...
compiling Delay.c...
compiling key.c...
compiling Nixie.c...
Target not created
Build target 'Target 1'
compiling main.c...
compiling Timer0.c...
compiling Delay.c...
compiling key.c...
compiling Nixie.c...
linking...
Program Size: data=34.0 xdata=0 code=502
creating hex file from "PWM Change Speed"...
"PWM Change Speed" - 0 Error(s), 0 Warning(s).
